#
# A fatal error has been detected by the Java Runtime Environment:
#
#  EXCEPTION_ACCESS_VIOLATION (0xc0000005) at pc=0x07b48947, pid=14344, tid=0x00004d08
#
# JRE version: Java(TM) SE Runtime Environment (8.0_201-b09) (build 1.8.0_201-b09)
# Java VM: Java HotSpot(TM) Client VM (25.201-b09 mixed mode windows-x86 )
# Problematic frame:
# V  [jvm.dll+0xe8947]
#
# Failed to write core dump. Minidumps are not enabled by default on client versions of Windows
#
# If you would like to submit a bug report, please visit:
#   http://bugreport.java.com/bugreport/crash.jsp
#

---------------  T H R E A D  ---------------

Current thread (0x0287dc00):  JavaThread "main" [_thread_in_vm, id=19720, stack(0x02700000,0x02750000)]

siginfo: ExceptionCode=0xc0000005, reading address 0x00000031

Registers:
EAX=0x00000006, EBX=0x00000031, ECX=0x00000000, EDX=0x07dbd7c8
ESP=0x0274fa18, EBP=0x0274fa3c, ESI=0x0514c850, EDI=0x0287dc00
EIP=0x07b48947, EFLAGS=0x00010202

Top of Stack: (sp=0x0274fa18)
0x0274fa18:   0274fb38 0274fa54 04e72688 0287dc00
0x0274fa28:   00000000 cccccccc 00000000 cccccccc
0x0274fa38:   cccccccc 0274fb38 023916f1 0287dd40
0x0274fa48:   0274fb70 0514c850 00000031 0287dc00
0x0274fa58:   04e72688 04e72688 cccccccc cccccccc
0x0274fa68:   cccccccc cccccccc cccccccc cccccccc
0x0274fa78:   cccccccc cccccccc cccccccc cccccccc
0x0274fa88:   cccccccc cccccccc cccccccc cccccccc 

Instructions: (pc=0x07b48947)
0x07b48927:   8b 0e 8d 45 f8 50 6a 4c 6a 01 56 51 6a 00 6a 00
0x07b48937:   57 89 5d f8 e8 10 90 03 00 83 c4 20 85 db 74 02
0x07b48947:   8b 1b 8b 16 8b 42 38 03 46 08 53 50 e8 d8 a3 f1
0x07b48957:   ff 83 c4 08 83 7d ec 00 74 08 8d 4d e8 e8 57 34 


Register to memory mapping:

EAX=0x00000006 is an unknown value
EBX=0x00000031 is an unknown value
ECX=0x00000000 is an unknown value
EDX=0x07dbd7c8 is an unknown value
ESP=0x0274fa18 is pointing into the stack for thread: 0x0287dc00
EBP=0x0274fa3c is pointing into the stack for thread: 0x0287dc00
ESI=0x0514c850 is an unknown value
EDI=0x0287dc00 is a thread


Stack: [0x02700000,0x02750000],  sp=0x0274fa18,  free space=318k
Native frames: (J=compiled Java code, j=interpreted, Vv=VM code, C=native code)
V  [jvm.dll+0xe8947]
C  [JniSimple.dll+0x116f1]  Java_com_tck_NdkSimple1_changeAge+0xb1
j  com.tck.NdkSimple1.changeAge()V+0
j  com.tck.Main.main([Ljava/lang/String;)V+27
v  ~StubRoutines::call_stub
V  [jvm.dll+0x15c215]
V  [jvm.dll+0x22512e]
V  [jvm.dll+0x15c2ae]
V  [jvm.dll+0xdd947]
V  [jvm.dll+0xe5edf]
C  [java.exe+0x2363]
C  [java.exe+0xb03f]
C  [java.exe+0xb0c9]
C  [KERNEL32.DLL+0x20419]
C  [ntdll.dll+0x6662d]
C  [ntdll.dll+0x665fd]
C  0x00000000

Java frames: (J=compiled Java code, j=interpreted, Vv=VM code)
j  com.tck.NdkSimple1.changeAge()V+0
j  com.tck.Main.main([Ljava/lang/String;)V+27
v  ~StubRoutines::call_stub

---------------  P R O C E S S  ---------------

Java Threads: ( => current thread )
  0x05141800 JavaThread "Service Thread" daemon [_thread_blocked, id=8384, stack(0x05730000,0x05780000)]
  0x0514b800 JavaThread "C1 CompilerThread0" daemon [_thread_blocked, id=14268, stack(0x056a0000,0x056f0000)]
  0x05144c00 JavaThread "Monitor Ctrl-Break" daemon [_thread_in_native, id=14256, stack(0x05610000,0x05660000)]
  0x050d6000 JavaThread "Attach Listener" daemon [_thread_blocked, id=16756, stack(0x05580000,0x055d0000)]
  0x05103c00 JavaThread "Signal Dispatcher" daemon [_thread_blocked, id=14636, stack(0x054f0000,0x05540000)]
  0x050bc000 JavaThread "Finalizer" daemon [_thread_blocked, id=12476, stack(0x05400000,0x05450000)]
  0x050b6400 JavaThread "Reference Handler" daemon [_thread_blocked, id=17532, stack(0x05370000,0x053c0000)]
=>0x0287dc00 JavaThread "main" [_thread_in_vm, id=19720, stack(0x02700000,0x02750000)]

Other Threads:
  0x02b4ec00 VMThread [stack: 0x052e0000,0x05330000] [id=11672]
  0x05143000 WatcherThread [stack: 0x057c0000,0x05810000] [id=20596]

VM state:not at safepoint (normal execution)

VM Mutex/Monitor currently owned by a thread: None

Heap:
 def new generation   total 4928K, used 1735K [0x08000000, 0x08550000, 0x0d550000)
  eden space 4416K,  39% used [0x08000000, 0x081b1f88, 0x08450000)
  from space 512K,   0% used [0x08450000, 0x08450000, 0x084d0000)
  to   space 512K,   0% used [0x084d0000, 0x084d0000, 0x08550000)
 tenured generation   total 10944K, used 0K [0x0d550000, 0x0e000000, 0x18000000)
   the space 10944K,   0% used [0x0d550000, 0x0d550000, 0x0d550200, 0x0e000000)
 Metaspace       used 2131K, capacity 2280K, committed 2368K, reserved 4480K

Card table byte_map: [0x04b50000,0x04be0000] byte_map_base: 0x04b10000

Polling page: 0x00420000

CodeCache: size=32768Kb used=673Kb max_used=673Kb free=32094Kb
 bounds [0x02b50000, 0x02c00000, 0x04b50000]
 total_blobs=160 nmethods=16 adapters=76
 compilation: enabled

Compilation events (10 events):
Event: 0.102 Thread 0x0514b800 nmethod 10 0x02bf53c8 code [0x02bf5510, 0x02bf5958]
Event: 0.103 Thread 0x0514b800   11             java.io.WinNTFileSystem::normalize (143 bytes)
Event: 0.103 Thread 0x0514b800 nmethod 11 0x02bf5e48 code [0x02bf5f90, 0x02bf620c]
Event: 0.103 Thread 0x0514b800   12             java.lang.String::indexOf (166 bytes)
Event: 0.104 Thread 0x0514b800 nmethod 12 0x02bf64c8 code [0x02bf65e0, 0x02bf6810]
Event: 0.104 Thread 0x0514b800   13             java.lang.String::lastIndexOf (52 bytes)
Event: 0.104 Thread 0x0514b800 nmethod 13 0x02bf6c48 code [0x02bf6d50, 0x02bf6e5c]
Event: 0.104 Thread 0x0514b800   14             java.io.WinNTFileSystem::isSlash (18 bytes)
Event: 0.104 Thread 0x0514b800 nmethod 14 0x02bf6f48 code [0x02bf7040, 0x02bf70e0]
Event: 0.106 Thread 0x0514b800   15             java.util.Properties$LineReader::readLine (468 bytes)

GC Heap History (0 events):
No events

Deoptimization events (0 events):
No events

Classes redefined (0 events):
No events

Internal exceptions (2 events):
Event: 0.036 Thread 0x0287dc00 Exception <a 'java/lang/NoSuchMethodError': Method sun.misc.Unsafe.defineClass(Ljava/lang/String;[BII)Ljava/lang/Class; name or signature does not match> (0x08006ea8) thrown at [C:\re\workspace\8-2-build-windows-i586-cygwin\jdk8u201\12322\hotspot\src\shar
Event: 0.036 Thread 0x0287dc00 Exception <a 'java/lang/NoSuchMethodError': Method sun.misc.Unsafe.prefetchRead(Ljava/lang/Object;J)V name or signature does not match> (0x08007178) thrown at [C:\re\workspace\8-2-build-windows-i586-cygwin\jdk8u201\12322\hotspot\src\share\vm\prims\jni.cpp

Events (10 events):
Event: 0.105 loading class sun/net/spi/DefaultProxySelector
Event: 0.105 loading class sun/net/spi/DefaultProxySelector done
Event: 0.105 loading class sun/net/spi/DefaultProxySelector$1
Event: 0.105 loading class sun/net/spi/DefaultProxySelector$1 done
Event: 0.105 loading class sun/net/NetProperties
Event: 0.105 loading class sun/net/NetProperties done
Event: 0.105 loading class sun/net/NetProperties$1
Event: 0.106 loading class sun/net/NetProperties$1 done
Event: 0.106 loading class java/util/Properties$LineReader
Event: 0.106 loading class java/util/Properties$LineReader done


Dynamic libraries:
0x003a0000 - 0x003d3000 	C:\Program Files (x86)\Java\jdk1.8.0_201\bin\java.exe
0x77a20000 - 0x77bbc000 	C:\Windows\SYSTEM32\ntdll.dll
0x764d0000 - 0x765b0000 	C:\Windows\System32\KERNEL32.DLL
0x77810000 - 0x77a0a000 	C:\Windows\System32\KERNELBASE.dll
0x6fcf0000 - 0x6fd8c000 	C:\Windows\SYSTEM32\apphelp.dll
0x768b0000 - 0x7692e000 	C:\Windows\System32\ADVAPI32.dll
0x75390000 - 0x75450000 	C:\Windows\System32\msvcrt.dll
0x77300000 - 0x77379000 	C:\Windows\System32\sechost.dll
0x762a0000 - 0x7635f000 	C:\Windows\System32\RPCRT4.dll
0x75090000 - 0x750b0000 	C:\Windows\System32\SspiCli.dll
0x75080000 - 0x7508a000 	C:\Windows\System32\CRYPTBASE.dll
0x76230000 - 0x76292000 	C:\Windows\System32\bcryptPrimitives.dll
0x75120000 - 0x752b9000 	C:\Windows\System32\USER32.dll
0x766d0000 - 0x766e7000 	C:\Windows\System32\win32u.dll
0x777e0000 - 0x77803000 	C:\Windows\System32\GDI32.dll
0x76360000 - 0x764c7000 	C:\Windows\System32\gdi32full.dll
0x76640000 - 0x766c0000 	C:\Windows\System32\msvcp_win.dll
0x75f50000 - 0x76072000 	C:\Windows\System32\ucrtbase.dll
0x71240000 - 0x7144f000 	C:\Windows\WinSxS\x86_microsoft.windows.common-controls_6595b64144ccf1df_6.0.17763.437_none_4d6374a11b9a86dc\COMCTL32.dll
0x75c30000 - 0x75ea8000 	C:\Windows\System32\combase.dll
0x750f0000 - 0x75115000 	C:\Windows\System32\IMM32.DLL
0x784b0000 - 0x7856f000 	C:\Program Files (x86)\Java\jdk1.8.0_201\jre\bin\msvcr100.dll
0x07a60000 - 0x07e35000 	C:\Program Files (x86)\Java\jdk1.8.0_201\jre\bin\client\jvm.dll
0x777d0000 - 0x777d6000 	C:\Windows\System32\PSAPI.DLL
0x75070000 - 0x75078000 	C:\Windows\SYSTEM32\VERSION.dll
0x73040000 - 0x73064000 	C:\Windows\SYSTEM32\WINMM.dll
0x6d770000 - 0x6d778000 	C:\Windows\SYSTEM32\WSOCK32.dll
0x76850000 - 0x768af000 	C:\Windows\System32\WS2_32.dll
0x72fa0000 - 0x72fc3000 	C:\Windows\SYSTEM32\WINMMBASE.dll
0x75f10000 - 0x75f4b000 	C:\Windows\System32\cfgmgr32.dll
0x67940000 - 0x6794c000 	C:\Program Files (x86)\Java\jdk1.8.0_201\jre\bin\verify.dll
0x647d0000 - 0x647f1000 	C:\Program Files (x86)\Java\jdk1.8.0_201\jre\bin\java.dll
0x642c0000 - 0x642e0000 	C:\Program Files (x86)\Java\jdk1.8.0_201\jre\bin\instrument.dll
0x64580000 - 0x64594000 	C:\Program Files (x86)\Java\jdk1.8.0_201\jre\bin\zip.dll
0x76980000 - 0x76ece000 	C:\Windows\System32\SHELL32.dll
0x765b0000 - 0x76639000 	C:\Windows\System32\shcore.dll
0x75550000 - 0x75b4c000 	C:\Windows\System32\windows.storage.dll
0x75360000 - 0x7537c000 	C:\Windows\System32\profapi.dll
0x75bb0000 - 0x75c04000 	C:\Windows\System32\powrprof.dll
0x76930000 - 0x76974000 	C:\Windows\System32\shlwapi.dll
0x76080000 - 0x7608f000 	C:\Windows\System32\kernel.appcore.dll
0x750d0000 - 0x750e2000 	C:\Windows\System32\cryptsp.dll
0x64240000 - 0x64256000 	D:\Program Files\JetBrains\IntelliJ IDEA 2018.3.6\bin\breakgen.dll
0x00cf0000 - 0x00d05000 	C:\Program Files (x86)\Java\jdk1.8.0_201\jre\bin\net.dll
0x73af0000 - 0x73cac000 	C:\Windows\SYSTEM32\urlmon.dll
0x738c0000 - 0x73aed000 	C:\Windows\SYSTEM32\iertutil.dll
0x73840000 - 0x73892000 	C:\Windows\system32\mswsock.dll
0x02380000 - 0x0239f000 	D:\c_project\JniSimple\JniSimple\Debug\JniSimple.dll
0x02840000 - 0x0285c000 	C:\Windows\SYSTEM32\VCRUNTIME140D.dll
0x05990000 - 0x05b04000 	C:\Windows\SYSTEM32\ucrtbased.dll
0x73d10000 - 0x73e9f000 	C:\Windows\SYSTEM32\dbghelp.dll

VM Arguments:
jvm_args: -javaagent:D:\Program Files\JetBrains\IntelliJ IDEA 2018.3.6\lib\idea_rt.jar=63180:D:\Program Files\JetBrains\IntelliJ IDEA 2018.3.6\bin -Dfile.encoding=UTF-8 
java_command: com.tck.Main
java_class_path (initial): C:\Program Files (x86)\Java\jdk1.8.0_201\jre\lib\charsets.jar;C:\Program Files (x86)\Java\jdk1.8.0_201\jre\lib\deploy.jar;C:\Program Files (x86)\Java\jdk1.8.0_201\jre\lib\ext\access-bridge-32.jar;C:\Program Files (x86)\Java\jdk1.8.0_201\jre\lib\ext\cldrdata.jar;C:\Program Files (x86)\Java\jdk1.8.0_201\jre\lib\ext\dnsns.jar;C:\Program Files (x86)\Java\jdk1.8.0_201\jre\lib\ext\jaccess.jar;C:\Program Files (x86)\Java\jdk1.8.0_201\jre\lib\ext\jfxrt.jar;C:\Program Files (x86)\Java\jdk1.8.0_201\jre\lib\ext\localedata.jar;C:\Program Files (x86)\Java\jdk1.8.0_201\jre\lib\ext\nashorn.jar;C:\Program Files (x86)\Java\jdk1.8.0_201\jre\lib\ext\sunec.jar;C:\Program Files (x86)\Java\jdk1.8.0_201\jre\lib\ext\sunjce_provider.jar;C:\Program Files (x86)\Java\jdk1.8.0_201\jre\lib\ext\sunmscapi.jar;C:\Program Files (x86)\Java\jdk1.8.0_201\jre\lib\ext\sunpkcs11.jar;C:\Program Files (x86)\Java\jdk1.8.0_201\jre\lib\ext\zipfs.jar;C:\Program Files (x86)\Java\jdk1.8.0_201\jre\lib\javaws.jar;C:\Program Files (x86)\Java\jdk1.8.0_201\jre\lib\jce.jar;C:\Program Files (x86)\Java\jdk1.8.0_201\jre\lib\jfr.jar;C:\Program Files (x86)\Java\jdk1.8.0_201\jre\lib\jfxswt.jar;C:\Program Files (x86)\Java\jdk1.8.0_201\jre\lib\jsse.jar;C:\Program Files (x86)\Java\jdk1.8.0_201\jre\lib\management-agent.jar;C:\Program Files (x86)\Java\jdk1.8.0_201\jre\lib\plugin.jar;C:\Program Files (x86)\Java\jdk1.8.0_201\jre\lib\resources.jar;C:\Program Files (x86)\Java\jdk1.8.0_201\jre\lib\rt.jar;D:\java_project\NdkStudy\out\production\NdkStudy;D:\Program Files\JetBrains\IntelliJ IDEA 2018.3.6\lib\idea_rt.jar
Launcher Type: SUN_STANDARD

Environment Variables:
JAVA_HOME=C:\Program Files (x86)\Java\jdk1.8.0_201
PATH=D:\Program Files\Python\Python37\Scripts\;D:\Program Files\Python\Python37\;C:\Program Files (x86)\Common Files\Oracle\Java\javapath;C:\Windows\system32;C:\Windows;C:\Windows\System32\Wbem;C:\Windows\System32\WindowsPowerShell\v1.0\;C:\Windows\System32\OpenSSH\;C:\Program Files (x86)\Java\jdk1.8.0_201\bin;C:\Program Files (x86)\Java\jdk1.8.0_201\jre\bin;C:\android-sdk\tools;C:\android-sdk\platform-tools;D:\flutter_sdk\flutter\bin;C:\Program Files\Git\cmd;D:\Program Files\nodejs\;C:\Program Files\dotnet\;C:\Users\tck\AppData\Local\Microsoft\WindowsApps;C:\Users\tck\AppData\Roaming\npm
USERNAME=tck
OS=Windows_NT
PROCESSOR_IDENTIFIER=AMD64 Family 23 Model 8 Stepping 2, AuthenticAMD



---------------  S Y S T E M  ---------------

OS: Windows 10.0 , 64 bit Build 17763 (10.0.17763.437)

CPU:total 24 (initial active 24) (24 cores per cpu, 1 threads per core) family 23 model 8 stepping 2, cmov, cx8, fxsr, mmx, sse, sse2, sse3, ssse3, sse4.1, sse4.2, popcnt, avx, avx2, aes, clmul, mmxext, 3dnowpref, lzcnt, sse4a, tsc, tscinvbit, tscinv, bmi1

Memory: 4k page, physical 16656204k(9023624k free), swap 20385488k(7957340k free)

vm_info: Java HotSpot(TM) Client VM (25.201-b09) for windows-x86 JRE (1.8.0_201-b09), built on Dec 16 2018 00:13:48 by "java_re" with MS VC++ 10.0 (VS2010)

time: Fri Apr 26 09:47:08 2019
timezone: 中国标准时间
elapsed time: 0 seconds (0d 0h 0m 0s)

